[debug] [2021-12-22T08:54:16.949Z] ----------------------------------------------------------------------
[debug] [2021-12-22T08:54:16.950Z] Command:       C:\Program Files\nodejs\node.exe C:\Users\rohan\AppData\Roaming\npm\node_modules\firebase-tools\lib\bin\firebase.js init
[debug] [2021-12-22T08:54:16.951Z] CLI Version:   10.0.1
[debug] [2021-12-22T08:54:16.951Z] Platform:      win32
[debug] [2021-12-22T08:54:16.951Z] Node Version:  v14.18.1
[debug] [2021-12-22T08:54:16.952Z] Time:          Wed Dec 22 2021 14:24:16 GMT+0530 (India Standard Time)
[debug] [2021-12-22T08:54:16.952Z] ----------------------------------------------------------------------
[debug] 
[debug] [2021-12-22T08:54:16.962Z] > command requires scopes: ["email","openid","https://www.googleapis.com/auth/cloudplatformprojects.readonly","https://www.googleapis.com/auth/firebase","https://www.googleapis.com/auth/cloud-platform"]
[debug] [2021-12-22T08:54:16.962Z] > authorizing via signed-in user (singhrohanss007@gmail.com)
[info] 
     ######## #### ########  ######## ########     ###     ######  ########
     ##        ##  ##     ## ##       ##     ##  ##   ##  ##       ##
     ######    ##  ########  ######   ########  #########  ######  ######
     ##        ##  ##    ##  ##       ##     ## ##     ##       ## ##
     ##       #### ##     ## ######## ########  ##     ##  ######  ########

You're about to initialize a Firebase project in this directory:

  D:\Notes\Web_Development\React\React_2021\tinder-clone

[info] 
=== Project Setup
[info] 
[info] First, let's associate this project directory with a Firebase project.
[info] You can create multiple project aliases by running firebase use --add, 
[info] but for now we'll just set up a default project.
[info] 
[debug] [2021-12-22T08:54:25.850Z] >>> [apiv2][query] GET https://firebase.googleapis.com/v1beta1/projects pageSize=100
[debug] [2021-12-22T08:54:26.573Z] <<< [apiv2][status] GET https://firebase.googleapis.com/v1beta1/projects 200
[debug] [2021-12-22T08:54:26.573Z] <<< [apiv2][body] GET https://firebase.googleapis.com/v1beta1/projects [omitted]
[info] i  Using project tinder-clone-8316f (tinder-clone) 
[info] 
=== Hosting Setup
[info] 
[info] Your public directory is the folder (relative to your project directory) that
[info] will contain Hosting assets to be uploaded with firebase deploy. If you
[info] have a build process for your assets, use your build's output directory.
[info] 
[debug] [2021-12-22T08:55:14.055Z] >>> [apiv2][query] GET https://www.gstatic.com/firebasejs/releases.json [none]
[debug] [2021-12-22T08:55:14.263Z] <<< [apiv2][status] GET https://www.gstatic.com/firebasejs/releases.json 200
[debug] [2021-12-22T08:55:14.263Z] <<< [apiv2][body] GET https://www.gstatic.com/firebasejs/releases.json {"current":{"version":"9.6.1","browserURL":"https://www.gstatic.com/firebasejs/9.6.1/firebase.js","packageURL":"https://www.gstatic.com/firebasejs/9.6.1/firebase.tgz"},"live":{"version":"9.6","browserURL":"https://www.gstatic.com/firebasejs/live/9.6/firebase.js","packageURL":"https://www.gstatic.com/firebasejs/live/9.6/firebase.tgz"},"components":{"analytics":"https://www.gstatic.com/firebasejs/9.6.1/firebase-analytics.js","app":"https://www.gstatic.com/firebasejs/9.6.1/firebase-app.js","app-check":"https://www.gstatic.com/firebasejs/9.6.1/firebase-app-check.js","auth":"https://www.gstatic.com/firebasejs/9.6.1/firebase-auth.js","auth/cordova":"https://www.gstatic.com/firebasejs/9.6.1/firebase-auth/cordova.js","auth/react-native":"https://www.gstatic.com/firebasejs/9.6.1/firebase-auth/react-native.js","functions":"https://www.gstatic.com/firebasejs/9.6.1/firebase-functions.js","firestore":"https://www.gstatic.com/firebasejs/9.6.1/firebase-firestore.js","firestore/lite":"https://www.gstatic.com/firebasejs/9.6.1/firebase-firestore/lite.js","storage":"https://www.gstatic.com/firebasejs/9.6.1/firebase-storage.js","performance":"https://www.gstatic.com/firebasejs/9.6.1/firebase-performance.js","remote-config":"https://www.gstatic.com/firebasejs/9.6.1/firebase-remote-config.js","messaging":"https://www.gstatic.com/firebasejs/9.6.1/firebase-messaging.js","messaging/sw":"https://www.gstatic.com/firebasejs/9.6.1/firebase-messaging/sw.js","database":"https://www.gstatic.com/firebasejs/9.6.1/firebase-database.js","firestore.memory":"https://www.gstatic.com/firebasejs/9.6.1/firebase-firestore.memory.js"}}
[info] +  Wrote build/index.html 
[info] 
[info] i  Didn't detect a .git folder. Assuming D:\Notes\Web_Development\React\React_2021\tinder-clone is the project root. 
[info] i  Authorizing with GitHub to upload your service account to a GitHub repository's secrets store. 
[info] 
[info] Visit this URL on this device to log in:
[info] https://github.com/login/oauth/authorize?client_id=89cf50f02ac6aaed3484&state=713498800&redirect_uri=http%3A%2F%2Flocalhost%3A9005&scope=read%3Auser%20repo%20public_repo
[info] 
[info] Waiting for authentication...
[debug] [2021-12-22T08:55:45.150Z] >>> HTTP REQUEST POST https://github.com/login/oauth/access_token  
 {"client_id":"89cf50f02ac6aaed3484","client_secret":"3330d14abc895d9a74d5f17cd7a00711fa2c5bf0","code":"b28d53b90b94ee1e7c52","redirect_uri":"http://localhost:9005","state":"713498800"}
[debug] [2021-12-22T08:55:45.598Z] <<< HTTP RESPONSE 200 {"server":"GitHub.com","date":"Wed, 22 Dec 2021 08:55:36 GMT","content-type":"application/json; charset=utf-8","transfer-encoding":"chunked","vary":"X-PJAX, X-PJAX-Container, Accept-Encoding, Accept, X-Requested-With","permissions-policy":"interest-cohort=()","etag":"W/\"4bc2f291154d6949ff6a51e16ab1041f\"","cache-control":"max-age=0, private, must-revalidate","strict-transport-security":"max-age=31536000; includeSubdomains; preload","x-frame-options":"deny","x-content-type-options":"nosniff","x-xss-protection":"0","referrer-policy":"origin-when-cross-origin, strict-origin-when-cross-origin","expect-ct":"max-age=2592000, report-uri=\"https://api.github.com/_private/browser/errors\"","content-security-policy":"default-src 'none'; base-uri 'self'; block-all-mixed-content; child-src github.com/assets-cdn/worker/ gist.github.com/assets-cdn/worker/; connect-src 'self' uploads.github.com objects-origin.githubusercontent.com www.githubstatus.com collector.githubapp.com api.github.com github-cloud.s3.amazonaws.com github-production-repository-file-5c1aeb.s3.amazonaws.com github-production-upload-manifest-file-7fdce7.s3.amazonaws.com github-production-user-asset-6210df.s3.amazonaws.com cdn.optimizely.com logx.optimizely.com/v1/events translator.github.com wss://alive.github.com; font-src github.githubassets.com; form-action 'self' github.com gist.github.com objects-origin.githubusercontent.com; frame-ancestors 'none'; frame-src render.githubusercontent.com viewscreen.githubusercontent.com notebooks.githubusercontent.com; img-src 'self' data: github.githubassets.com identicons.github.com collector.githubapp.com github-cloud.s3.amazonaws.com secured-user-images.githubusercontent.com/ *.githubusercontent.com; manifest-src 'self'; media-src github.com user-images.githubusercontent.com/; script-src github.githubassets.com; style-src 'unsafe-inline' github.githubassets.com; worker-src github.com/assets-cdn/worker/ gist.github.com/assets-cdn/worker/","x-github-request-id":"DDCB:4902:2CA4BE4:31EAB75:61C2E808"}
[debug] [2021-12-22T08:55:45.601Z] >>> [apiv2][query] GET https://api.github.com/user [none]
[debug] [2021-12-22T08:55:45.999Z] <<< [apiv2][status] GET https://api.github.com/user 200
[debug] [2021-12-22T08:55:45.999Z] <<< [apiv2][body] GET https://api.github.com/user {"login":"RohanSingh07","id":66515962,"node_id":"MDQ6VXNlcjY2NTE1OTYy","avatar_url":"https://avatars.githubusercontent.com/u/66515962?v=4","gravatar_id":"","url":"https://api.github.com/users/RohanSingh07","html_url":"https://github.com/RohanSingh07","followers_url":"https://api.github.com/users/RohanSingh07/followers","following_url":"https://api.github.com/users/RohanSingh07/following{/other_user}","gists_url":"https://api.github.com/users/RohanSingh07/gists{/gist_id}","starred_url":"https://api.github.com/users/RohanSingh07/starred{/owner}{/repo}","subscriptions_url":"https://api.github.com/users/RohanSingh07/subscriptions","organizations_url":"https://api.github.com/users/RohanSingh07/orgs","repos_url":"https://api.github.com/users/RohanSingh07/repos","events_url":"https://api.github.com/users/RohanSingh07/events{/privacy}","received_events_url":"https://api.github.com/users/RohanSingh07/received_events","type":"User","site_admin":false,"name":"Rohan Singh ","company":null,"blog":"","location":null,"email":null,"hireable":null,"bio":null,"twitter_username":"Rohan_Singh","public_repos":4,"public_gists":0,"followers":3,"following":2,"created_at":"2020-06-06T10:34:02Z","updated_at":"2021-12-17T15:59:36Z","private_gists":0,"total_private_repos":3,"owned_private_repos":3,"disk_usage":337512,"collaborators":1,"two_factor_authentication":false,"plan":{"name":"free","space":976562499,"collaborators":0,"private_repos":10000}}
[info] 
[info] +  Success! Logged into GitHub as RohanSingh07 
[info] 
